[debug] [2026-02-26T13:24:59.126Z] ----------------------------------------------------------------------
[debug] [2026-02-26T13:24:59.129Z] Command:       C:\Program Files\nodejs\node.exe C:\Users\gtj19\AppData\Roaming\npm\node_modules\firebase-tools\lib\bin\firebase.js deploy --only functions:processImageWithAI
[debug] [2026-02-26T13:24:59.129Z] CLI Version:   15.8.0
[debug] [2026-02-26T13:24:59.129Z] Platform:      win32
[debug] [2026-02-26T13:24:59.129Z] Node Version:  v20.13.1
[debug] [2026-02-26T13:24:59.129Z] Time:          Fri Feb 27 2026 02:24:59 GMT+1300 (New Zealand Daylight Time)
[debug] [2026-02-26T13:24:59.129Z] ----------------------------------------------------------------------
[debug] 
[debug] [2026-02-26T13:25:00.676Z] > command requires scopes: ["email","openid","https://www.googleapis.com/auth/cloudplatformprojects.readonly","https://www.googleapis.com/auth/firebase","https://www.googleapis.com/auth/cloud-platform"]
[debug] [2026-02-26T13:25:00.677Z] > authorizing via signed-in user (gtj1984@gmail.com)
[debug] [2026-02-26T13:25:00.677Z] [iam] checking project fcp-digital for permissions ["cloudfunctions.functions.create","cloudfunctions.functions.delete","cloudfunctions.functions.get","cloudfunctions.functions.list","cloudfunctions.functions.update","cloudfunctions.operations.get","firebase.projects.get"]
[debug] [2026-02-26T13:25:00.678Z] Checked if tokens are valid: true, expires at: 1772115498504
[debug] [2026-02-26T13:25:00.678Z] Checked if tokens are valid: true, expires at: 1772115498504
[debug] [2026-02-26T13:25:00.679Z] >>> [apiv2][query] POST https://cloudresourcemanager.googleapis.com/v1/projects/fcp-digital:testIamPermissions [none]
[debug] [2026-02-26T13:25:00.679Z] >>> [apiv2][(partial)header] POST https://cloudresourcemanager.googleapis.com/v1/projects/fcp-digital:testIamPermissions  x-goog-user-project=fcp-digital
[debug] [2026-02-26T13:25:00.680Z] >>> [apiv2][body] POST https://cloudresourcemanager.googleapis.com/v1/projects/fcp-digital:testIamPermissions {"permissions":["cloudfunctions.functions.create","cloudfunctions.functions.delete","cloudfunctions.functions.get","cloudfunctions.functions.list","cloudfunctions.functions.update","cloudfunctions.operations.get","firebase.projects.get"]}
[debug] [2026-02-26T13:25:01.943Z] <<< [apiv2][status] POST https://cloudresourcemanager.googleapis.com/v1/projects/fcp-digital:testIamPermissions 200
[debug] [2026-02-26T13:25:01.943Z] <<< [apiv2][body] POST https://cloudresourcemanager.googleapis.com/v1/projects/fcp-digital:testIamPermissions {"permissions":["cloudfunctions.functions.create","cloudfunctions.functions.delete","cloudfunctions.functions.get","cloudfunctions.functions.list","cloudfunctions.functions.update","cloudfunctions.operations.get","firebase.projects.get"]}
[debug] [2026-02-26T13:25:01.943Z] Checked if tokens are valid: true, expires at: 1772115498504
[debug] [2026-02-26T13:25:01.944Z] Checked if tokens are valid: true, expires at: 1772115498504
[debug] [2026-02-26T13:25:01.944Z] >>> [apiv2][query] POST https://iam.googleapis.com/v1/projects/fcp-digital/serviceAccounts/fcp-digital@appspot.gserviceaccount.com:testIamPermissions [none]
[debug] [2026-02-26T13:25:01.944Z] >>> [apiv2][body] POST https://iam.googleapis.com/v1/projects/fcp-digital/serviceAccounts/fcp-digital@appspot.gserviceaccount.com:testIamPermissions {"permissions":["iam.serviceAccounts.actAs"]}
[debug] [2026-02-26T13:25:03.366Z] <<< [apiv2][status] POST https://iam.googleapis.com/v1/projects/fcp-digital/serviceAccounts/fcp-digital@appspot.gserviceaccount.com:testIamPermissions 200
[debug] [2026-02-26T13:25:03.366Z] <<< [apiv2][body] POST https://iam.googleapis.com/v1/projects/fcp-digital/serviceAccounts/fcp-digital@appspot.gserviceaccount.com:testIamPermissions {"permissions":["iam.serviceAccounts.actAs"]}
[info] 
[info] === Deploying to 'fcp-digital'...
[info] 
[info] i  deploying functions 
[info] Running command: npm --prefix "$RESOURCE_DIR" run build
[info] +  functions: Finished running predeploy script. 
[debug] [2026-02-26T13:25:05.776Z] Checked if tokens are valid: true, expires at: 1772115498504
[debug] [2026-02-26T13:25:05.776Z] Checked if tokens are valid: true, expires at: 1772115498504
[debug] [2026-02-26T13:25:05.776Z] >>> [apiv2][query] GET https://cloudresourcemanager.googleapis.com/v1/projects/fcp-digital [none]
[debug] [2026-02-26T13:25:06.067Z] <<< [apiv2][status] GET https://cloudresourcemanager.googleapis.com/v1/projects/fcp-digital 200
[debug] [2026-02-26T13:25:06.067Z] <<< [apiv2][body] GET https://cloudresourcemanager.googleapis.com/v1/projects/fcp-digital {"projectNumber":"1074200345019","projectId":"fcp-digital","lifecycleState":"ACTIVE","name":"fcp-digital","labels":{"firebase":"enabled","firebase-core":"disabled"},"createTime":"2026-02-25T07:48:26.954384Z"}
[info] i  functions: preparing codebase default for deployment 
[info] i  functions: ensuring required API cloudfunctions.googleapis.com is enabled... 
[info] i  functions: ensuring required API cloudbuild.googleapis.com is enabled... 
[info] i  artifactregistry: ensuring required API artifactregistry.googleapis.com is enabled... 
[debug] [2026-02-26T13:25:06.071Z] Checked if tokens are valid: true, expires at: 1772115498504
[debug] [2026-02-26T13:25:06.071Z] Checked if tokens are valid: true, expires at: 1772115498504
[debug] [2026-02-26T13:25:06.071Z] >>> [apiv2][query] GET https://firebase.googleapis.com/v1beta1/projects/fcp-digital/adminSdkConfig [none]
[debug] [2026-02-26T13:25:06.708Z] <<< [apiv2][status] GET https://firebase.googleapis.com/v1beta1/projects/fcp-digital/adminSdkConfig 200
[debug] [2026-02-26T13:25:06.708Z] <<< [apiv2][body] GET https://firebase.googleapis.com/v1beta1/projects/fcp-digital/adminSdkConfig {"projectId":"fcp-digital","storageBucket":"fcp-digital.firebasestorage.app"}
[debug] [2026-02-26T13:25:06.708Z] Checked if tokens are valid: true, expires at: 1772115498504
[debug] [2026-02-26T13:25:06.709Z] Checked if tokens are valid: true, expires at: 1772115498504
[debug] [2026-02-26T13:25:06.709Z] >>> [apiv2][query] GET https://runtimeconfig.googleapis.com/v1beta1/projects/fcp-digital/configs [none]
[debug] [2026-02-26T13:25:08.069Z] <<< [apiv2][status] GET https://runtimeconfig.googleapis.com/v1beta1/projects/fcp-digital/configs 200
[debug] [2026-02-26T13:25:08.069Z] <<< [apiv2][body] GET https://runtimeconfig.googleapis.com/v1beta1/projects/fcp-digital/configs {}
[debug] [2026-02-26T13:25:08.070Z] Validating nodejs source
[warn] !  functions: package.json indicates an outdated version of firebase-functions. Please upgrade using npm install --save firebase-functions@latest in your functions directory. 
[warn] !  functions: Please note that there will be breaking changes when you upgrade. 
[debug] [2026-02-26T13:25:09.020Z] > [functions] package.json contents: {
  "name": "fcp-digital-functions",
  "version": "1.0.0",
  "private": true,
  "main": "lib/index.js",
  "scripts": {
    "build": "tsc",
    "build:watch": "tsc --watch",
    "serve": "npm run build && firebase emulators:start --only functions",
    "shell": "npm run build && firebase functions:shell",
    "deploy": "firebase deploy --only functions"
  },
  "engines": {
    "node": "22"
  },
  "dependencies": {
    "@google-cloud/vertexai": "^1.10.0",
    "firebase-admin": "^12.0.0",
    "firebase-functions": "^6.0.0"
  },
  "devDependencies": {
    "typescript": "~5.9.2"
  }
}
[debug] [2026-02-26T13:25:09.020Z] Building nodejs source
[info] i  functions: Loading and analyzing source code for codebase default to determine what to deploy 
[debug] [2026-02-26T13:25:09.022Z] Could not find functions.yaml. Must use http discovery
[debug] [2026-02-26T13:25:09.029Z] Found firebase-functions binary at 'D:\fcp_digital\functions\node_modules\.bin\firebase-functions'
[info] Serving at port 8480

[debug] [2026-02-26T13:25:09.488Z] Got response from /__/functions.yaml {"endpoints":{"processImageWithAI":{"availableMemoryMb":512,"timeoutSeconds":120,"minInstances":null,"maxInstances":null,"ingressSettings":null,"concurrency":null,"serviceAccountEmail":null,"vpc":null,"platform":"gcfv2","labels":{},"httpsTrigger":{},"entryPoint":"processImageWithAI"}},"specVersion":"v1alpha1","requiredAPIs":[],"extensions":{}}
[info] i  extensions: ensuring required API firebaseextensions.googleapis.com is enabled... 
[debug] [2026-02-26T13:25:14.522Z] Checked if tokens are valid: true, expires at: 1772115498504
[debug] [2026-02-26T13:25:14.522Z] Checked if tokens are valid: true, expires at: 1772115498504
[debug] [2026-02-26T13:25:14.522Z] >>> [apiv2][query] GET https://serviceusage.googleapis.com/v1/projects/fcp-digital/services/firebaseextensions.googleapis.com [none]
[debug] [2026-02-26T13:25:14.522Z] >>> [apiv2][(partial)header] GET https://serviceusage.googleapis.com/v1/projects/fcp-digital/services/firebaseextensions.googleapis.com  x-goog-user-project=fcp-digital
[debug] [2026-02-26T13:25:15.917Z] <<< [apiv2][status] GET https://serviceusage.googleapis.com/v1/projects/fcp-digital/services/firebaseextensions.googleapis.com 200
[debug] [2026-02-26T13:25:15.918Z] <<< [apiv2][body] GET https://serviceusage.googleapis.com/v1/projects/fcp-digital/services/firebaseextensions.googleapis.com [omitted]
[warn] !  extensions: missing required API firebaseextensions.googleapis.com. Enabling now... 
[debug] [2026-02-26T13:25:15.919Z] Checked if tokens are valid: true, expires at: 1772115498504
[debug] [2026-02-26T13:25:15.919Z] Checked if tokens are valid: true, expires at: 1772115498504
[debug] [2026-02-26T13:25:15.919Z] >>> [apiv2][query] POST https://serviceusage.googleapis.com/v1/projects/fcp-digital/services/firebaseextensions.googleapis.com:enable [none]
[debug] [2026-02-26T13:25:15.919Z] >>> [apiv2][(partial)header] POST https://serviceusage.googleapis.com/v1/projects/fcp-digital/services/firebaseextensions.googleapis.com:enable  x-goog-user-project=fcp-digital
[debug] [2026-02-26T13:25:17.289Z] <<< [apiv2][status] POST https://serviceusage.googleapis.com/v1/projects/fcp-digital/services/firebaseextensions.googleapis.com:enable 200
[debug] [2026-02-26T13:25:17.289Z] <<< [apiv2][body] POST https://serviceusage.googleapis.com/v1/projects/fcp-digital/services/firebaseextensions.googleapis.com:enable [omitted]
[debug] [2026-02-26T13:25:27.302Z] > command requires scopes: ["email","openid","https://www.googleapis.com/auth/cloudplatformprojects.readonly","https://www.googleapis.com/auth/firebase","https://www.googleapis.com/auth/cloud-platform"]
[debug] [2026-02-26T13:25:27.302Z] > authorizing via signed-in user (gtj1984@gmail.com)
[debug] [2026-02-26T13:25:27.302Z] [iam] checking project fcp-digital for permissions ["firebase.projects.get","firebaseextensions.instances.list"]
[debug] [2026-02-26T13:25:27.302Z] Checked if tokens are valid: true, expires at: 1772115498504
[debug] [2026-02-26T13:25:27.302Z] Checked if tokens are valid: true, expires at: 1772115498504
[debug] [2026-02-26T13:25:27.302Z] >>> [apiv2][query] POST https://cloudresourcemanager.googleapis.com/v1/projects/fcp-digital:testIamPermissions [none]
[debug] [2026-02-26T13:25:27.302Z] >>> [apiv2][(partial)header] POST https://cloudresourcemanager.googleapis.com/v1/projects/fcp-digital:testIamPermissions  x-goog-user-project=fcp-digital
[debug] [2026-02-26T13:25:27.302Z] >>> [apiv2][body] POST https://cloudresourcemanager.googleapis.com/v1/projects/fcp-digital:testIamPermissions {"permissions":["firebase.projects.get","firebaseextensions.instances.list"]}
[debug] [2026-02-26T13:25:27.686Z] <<< [apiv2][status] POST https://cloudresourcemanager.googleapis.com/v1/projects/fcp-digital:testIamPermissions 200
[debug] [2026-02-26T13:25:27.686Z] <<< [apiv2][body] POST https://cloudresourcemanager.googleapis.com/v1/projects/fcp-digital:testIamPermissions {"permissions":["firebase.projects.get","firebaseextensions.instances.list"]}
[debug] [2026-02-26T13:25:27.687Z] Checked if tokens are valid: true, expires at: 1772115498504
[debug] [2026-02-26T13:25:27.687Z] Checked if tokens are valid: true, expires at: 1772115498504
[debug] [2026-02-26T13:25:27.687Z] >>> [apiv2][query] GET https://firebaseextensions.googleapis.com/v1beta/projects/fcp-digital/instances pageSize=100&pageToken=
[debug] [2026-02-26T13:25:29.558Z] <<< [apiv2][status] GET https://firebaseextensions.googleapis.com/v1beta/projects/fcp-digital/instances 200
[debug] [2026-02-26T13:25:29.558Z] <<< [apiv2][body] GET https://firebaseextensions.googleapis.com/v1beta/projects/fcp-digital/instances {}
[info] i  functions: preparing functions directory for uploading... 
[info] i  functions: packaged D:\fcp_digital\functions (35.8 KB) for uploading 
[debug] [2026-02-26T13:25:29.602Z] Checked if tokens are valid: true, expires at: 1772115498504
[debug] [2026-02-26T13:25:29.603Z] Checked if tokens are valid: true, expires at: 1772115498504
[debug] [2026-02-26T13:25:29.603Z] >>> [apiv2][query] GET https://cloudfunctions.googleapis.com/v1/projects/fcp-digital/locations/-/functions [none]
[debug] [2026-02-26T13:25:30.495Z] <<< [apiv2][status] GET https://cloudfunctions.googleapis.com/v1/projects/fcp-digital/locations/-/functions 200
[debug] [2026-02-26T13:25:30.496Z] <<< [apiv2][body] GET https://cloudfunctions.googleapis.com/v1/projects/fcp-digital/locations/-/functions {}
[debug] [2026-02-26T13:25:30.496Z] Checked if tokens are valid: true, expires at: 1772115498504
[debug] [2026-02-26T13:25:30.496Z] Checked if tokens are valid: true, expires at: 1772115498504
[debug] [2026-02-26T13:25:30.496Z] >>> [apiv2][query] GET https://cloudfunctions.googleapis.com/v2/projects/fcp-digital/locations/-/functions filter=environment%3D%22GEN_2%22
[debug] [2026-02-26T13:25:32.146Z] <<< [apiv2][status] GET https://cloudfunctions.googleapis.com/v2/projects/fcp-digital/locations/-/functions 200
[debug] [2026-02-26T13:25:32.146Z] <<< [apiv2][body] GET https://cloudfunctions.googleapis.com/v2/projects/fcp-digital/locations/-/functions {}
[info] i  functions: ensuring required API run.googleapis.com is enabled... 
[debug] [2026-02-26T13:25:32.148Z] Checked if tokens are valid: true, expires at: 1772115498504
[debug] [2026-02-26T13:25:32.148Z] Checked if tokens are valid: true, expires at: 1772115498504
[info] i  functions: ensuring required API eventarc.googleapis.com is enabled... 
[debug] [2026-02-26T13:25:32.150Z] Checked if tokens are valid: true, expires at: 1772115498504
[debug] [2026-02-26T13:25:32.150Z] Checked if tokens are valid: true, expires at: 1772115498504
[info] i  functions: ensuring required API pubsub.googleapis.com is enabled... 
[debug] [2026-02-26T13:25:32.151Z] Checked if tokens are valid: true, expires at: 1772115498504
[debug] [2026-02-26T13:25:32.151Z] Checked if tokens are valid: true, expires at: 1772115498504
[info] i  functions: ensuring required API storage.googleapis.com is enabled... 
[debug] [2026-02-26T13:25:32.151Z] Checked if tokens are valid: true, expires at: 1772115498504
[debug] [2026-02-26T13:25:32.151Z] Checked if tokens are valid: true, expires at: 1772115498504
[debug] [2026-02-26T13:25:32.152Z] >>> [apiv2][query] GET https://serviceusage.googleapis.com/v1/projects/1074200345019/services/run.googleapis.com [none]
[debug] [2026-02-26T13:25:32.152Z] >>> [apiv2][(partial)header] GET https://serviceusage.googleapis.com/v1/projects/1074200345019/services/run.googleapis.com  x-goog-user-project=1074200345019
[debug] [2026-02-26T13:25:32.153Z] >>> [apiv2][query] GET https://serviceusage.googleapis.com/v1/projects/1074200345019/services/eventarc.googleapis.com [none]
[debug] [2026-02-26T13:25:32.153Z] >>> [apiv2][(partial)header] GET https://serviceusage.googleapis.com/v1/projects/1074200345019/services/eventarc.googleapis.com  x-goog-user-project=1074200345019
[debug] [2026-02-26T13:25:32.155Z] >>> [apiv2][query] GET https://serviceusage.googleapis.com/v1/projects/1074200345019/services/pubsub.googleapis.com [none]
[debug] [2026-02-26T13:25:32.155Z] >>> [apiv2][(partial)header] GET https://serviceusage.googleapis.com/v1/projects/1074200345019/services/pubsub.googleapis.com  x-goog-user-project=1074200345019
[debug] [2026-02-26T13:25:32.156Z] >>> [apiv2][query] GET https://serviceusage.googleapis.com/v1/projects/1074200345019/services/storage.googleapis.com [none]
[debug] [2026-02-26T13:25:32.156Z] >>> [apiv2][(partial)header] GET https://serviceusage.googleapis.com/v1/projects/1074200345019/services/storage.googleapis.com  x-goog-user-project=1074200345019
[debug] [2026-02-26T13:25:33.652Z] <<< [apiv2][status] GET https://serviceusage.googleapis.com/v1/projects/1074200345019/services/eventarc.googleapis.com 200
[debug] [2026-02-26T13:25:33.652Z] <<< [apiv2][body] GET https://serviceusage.googleapis.com/v1/projects/1074200345019/services/eventarc.googleapis.com [omitted]
[warn] !  functions: missing required API eventarc.googleapis.com. Enabling now... 
[debug] [2026-02-26T13:25:33.653Z] Checked if tokens are valid: true, expires at: 1772115498504
[debug] [2026-02-26T13:25:33.653Z] Checked if tokens are valid: true, expires at: 1772115498504
[debug] [2026-02-26T13:25:33.654Z] >>> [apiv2][query] POST https://serviceusage.googleapis.com/v1/projects/1074200345019/services/eventarc.googleapis.com:enable [none]
[debug] [2026-02-26T13:25:33.654Z] >>> [apiv2][(partial)header] POST https://serviceusage.googleapis.com/v1/projects/1074200345019/services/eventarc.googleapis.com:enable  x-goog-user-project=1074200345019
[debug] [2026-02-26T13:25:33.662Z] <<< [apiv2][status] GET https://serviceusage.googleapis.com/v1/projects/1074200345019/services/pubsub.googleapis.com 200
[debug] [2026-02-26T13:25:33.662Z] <<< [apiv2][body] GET https://serviceusage.googleapis.com/v1/projects/1074200345019/services/pubsub.googleapis.com [omitted]
[info] +  functions: required API pubsub.googleapis.com is enabled 
[debug] [2026-02-26T13:25:33.675Z] <<< [apiv2][status] GET https://serviceusage.googleapis.com/v1/projects/1074200345019/services/run.googleapis.com 200
[debug] [2026-02-26T13:25:33.675Z] <<< [apiv2][body] GET https://serviceusage.googleapis.com/v1/projects/1074200345019/services/run.googleapis.com [omitted]
[warn] !  functions: missing required API run.googleapis.com. Enabling now... 
[debug] [2026-02-26T13:25:33.675Z] Checked if tokens are valid: true, expires at: 1772115498504
[debug] [2026-02-26T13:25:33.675Z] Checked if tokens are valid: true, expires at: 1772115498504
[debug] [2026-02-26T13:25:33.675Z] >>> [apiv2][query] POST https://serviceusage.googleapis.com/v1/projects/1074200345019/services/run.googleapis.com:enable [none]
[debug] [2026-02-26T13:25:33.675Z] >>> [apiv2][(partial)header] POST https://serviceusage.googleapis.com/v1/projects/1074200345019/services/run.googleapis.com:enable  x-goog-user-project=1074200345019
[debug] [2026-02-26T13:25:33.737Z] <<< [apiv2][status] GET https://serviceusage.googleapis.com/v1/projects/1074200345019/services/storage.googleapis.com 200
[debug] [2026-02-26T13:25:33.738Z] <<< [apiv2][body] GET https://serviceusage.googleapis.com/v1/projects/1074200345019/services/storage.googleapis.com [omitted]
[info] +  functions: required API storage.googleapis.com is enabled 
[debug] [2026-02-26T13:25:34.151Z] <<< [apiv2][status] POST https://serviceusage.googleapis.com/v1/projects/1074200345019/services/run.googleapis.com:enable 200
[debug] [2026-02-26T13:25:34.151Z] <<< [apiv2][body] POST https://serviceusage.googleapis.com/v1/projects/1074200345019/services/run.googleapis.com:enable [omitted]
[debug] [2026-02-26T13:25:34.953Z] <<< [apiv2][status] POST https://serviceusage.googleapis.com/v1/projects/1074200345019/services/eventarc.googleapis.com:enable 200
[debug] [2026-02-26T13:25:34.953Z] <<< [apiv2][body] POST https://serviceusage.googleapis.com/v1/projects/1074200345019/services/eventarc.googleapis.com:enable [omitted]
[info] i  functions: generating the service identity for pubsub.googleapis.com... 
[debug] [2026-02-26T13:25:44.977Z] Checked if tokens are valid: true, expires at: 1772115498504
[debug] [2026-02-26T13:25:44.977Z] Checked if tokens are valid: true, expires at: 1772115498504
[info] i  functions: generating the service identity for eventarc.googleapis.com... 
[debug] [2026-02-26T13:25:44.977Z] Checked if tokens are valid: true, expires at: 1772115498504
[debug] [2026-02-26T13:25:44.977Z] Checked if tokens are valid: true, expires at: 1772115498504
[debug] [2026-02-26T13:25:44.977Z] >>> [apiv2][query] POST https://serviceusage.googleapis.com/v1beta1/projects/1074200345019/services/pubsub.googleapis.com:generateServiceIdentity [none]
[debug] [2026-02-26T13:25:44.978Z] >>> [apiv2][(partial)header] POST https://serviceusage.googleapis.com/v1beta1/projects/1074200345019/services/pubsub.googleapis.com:generateServiceIdentity  x-goog-user-project=1074200345019
[debug] [2026-02-26T13:25:44.978Z] >>> [apiv2][body] POST https://serviceusage.googleapis.com/v1beta1/projects/1074200345019/services/pubsub.googleapis.com:generateServiceIdentity {}
[debug] [2026-02-26T13:25:44.979Z] >>> [apiv2][query] POST https://serviceusage.googleapis.com/v1beta1/projects/1074200345019/services/eventarc.googleapis.com:generateServiceIdentity [none]
[debug] [2026-02-26T13:25:44.979Z] >>> [apiv2][(partial)header] POST https://serviceusage.googleapis.com/v1beta1/projects/1074200345019/services/eventarc.googleapis.com:generateServiceIdentity  x-goog-user-project=1074200345019
[debug] [2026-02-26T13:25:44.979Z] >>> [apiv2][body] POST https://serviceusage.googleapis.com/v1beta1/projects/1074200345019/services/eventarc.googleapis.com:generateServiceIdentity {}
[debug] [2026-02-26T13:25:46.666Z] <<< [apiv2][status] POST https://serviceusage.googleapis.com/v1beta1/projects/1074200345019/services/pubsub.googleapis.com:generateServiceIdentity 200
[debug] [2026-02-26T13:25:46.666Z] <<< [apiv2][body] POST https://serviceusage.googleapis.com/v1beta1/projects/1074200345019/services/pubsub.googleapis.com:generateServiceIdentity {"name":"operations/finished.DONE_OPERATION","done":true,"response":{"@type":"type.googleapis.com/google.api.serviceusage.v1beta1.ServiceIdentity","email":"service-1074200345019@gcp-sa-pubsub.iam.gserviceaccount.com","uniqueId":"105410335647775401342"}}
[debug] [2026-02-26T13:25:46.775Z] <<< [apiv2][status] POST https://serviceusage.googleapis.com/v1beta1/projects/1074200345019/services/eventarc.googleapis.com:generateServiceIdentity 200
[debug] [2026-02-26T13:25:46.775Z] <<< [apiv2][body] POST https://serviceusage.googleapis.com/v1beta1/projects/1074200345019/services/eventarc.googleapis.com:generateServiceIdentity {"name":"operations/finished.DONE_OPERATION","done":true,"response":{"@type":"type.googleapis.com/google.api.serviceusage.v1beta1.ServiceIdentity","email":"service-1074200345019@gcp-sa-eventarc.iam.gserviceaccount.com","uniqueId":"109709467057067596521"}}
[debug] [2026-02-26T13:25:46.777Z] Checked if tokens are valid: true, expires at: 1772115498504
[debug] [2026-02-26T13:25:46.778Z] Checked if tokens are valid: true, expires at: 1772115498504
[debug] [2026-02-26T13:25:46.778Z] >>> [apiv2][query] GET https://cloudresourcemanager.googleapis.com/v1/projects/fcp-digital [none]
[debug] [2026-02-26T13:25:47.943Z] <<< [apiv2][status] GET https://cloudresourcemanager.googleapis.com/v1/projects/fcp-digital 200
[debug] [2026-02-26T13:25:47.943Z] <<< [apiv2][body] GET https://cloudresourcemanager.googleapis.com/v1/projects/fcp-digital {"projectNumber":"1074200345019","projectId":"fcp-digital","lifecycleState":"ACTIVE","name":"fcp-digital","labels":{"firebase":"enabled","firebase-core":"disabled"},"createTime":"2026-02-25T07:48:26.954384Z"}
[debug] [2026-02-26T13:25:47.943Z] Checked if tokens are valid: true, expires at: 1772115498504
[debug] [2026-02-26T13:25:47.943Z] Checked if tokens are valid: true, expires at: 1772115498504
[debug] [2026-02-26T13:25:47.943Z] >>> [apiv2][query] GET https://compute.googleapis.com/compute/v1/projects/1074200345019 [none]
[debug] [2026-02-26T13:25:48.878Z] <<< [apiv2][status] GET https://compute.googleapis.com/compute/v1/projects/1074200345019 403
[debug] [2026-02-26T13:25:48.878Z] <<< [apiv2][body] GET https://compute.googleapis.com/compute/v1/projects/1074200345019 {"error":{"code":403,"message":"Compute Engine API has not been used in project 1074200345019 before or it is disabled. Enable it by visiting https://console.developers.google.com/apis/api/compute.googleapis.com/overview?project=1074200345019 then retry. If you enabled this API recently, wait a few minutes for the action to propagate to our systems and retry.","errors":[{"message":"Compute Engine API has not been used in project 1074200345019 before or it is disabled. Enable it by visiting https://console.developers.google.com/apis/api/compute.googleapis.com/overview?project=1074200345019 then retry. If you enabled this API recently, wait a few minutes for the action to propagate to our systems and retry.","domain":"usageLimits","reason":"accessNotConfigured","extendedHelp":"https://console.developers.google.com"}],"status":"PERMISSION_DENIED","details":[{"@type":"type.googleapis.com/google.rpc.ErrorInfo","reason":"SERVICE_DISABLED","domain":"googleapis.com","metadata":{"service":"compute.googleapis.com","consumer":"projects/1074200345019","serviceTitle":"Compute Engine API","containerInfo":"1074200345019","activationUrl":"https://console.developers.google.com/apis/api/compute.googleapis.com/overview?project=1074200345019"}},{"@type":"type.googleapis.com/google.rpc.LocalizedMessage","locale":"en-US","message":"Compute Engine API has not been used in project 1074200345019 before or it is disabled. Enable it by visiting https://console.developers.google.com/apis/api/compute.googleapis.com/overview?project=1074200345019 then retry. If you enabled this API recently, wait a few minutes for the action to propagate to our systems and retry."},{"@type":"type.googleapis.com/google.rpc.Help","links":[{"description":"Google developers console API activation","url":"https://console.developers.google.com/apis/api/compute.googleapis.com/overview?project=1074200345019"}]}]}}
[debug] [2026-02-26T13:25:48.878Z] unable to look up default compute service account. Falling back to 1074200345019-compute@developer.gserviceaccount.com. Error: {"name":"FirebaseError","children":[],"context":{"body":{"error":{"code":403,"message":"Compute Engine API has not been used in project 1074200345019 before or it is disabled. Enable it by visiting https://console.developers.google.com/apis/api/compute.googleapis.com/overview?project=1074200345019 then retry. If you enabled this API recently, wait a few minutes for the action to propagate to our systems and retry.","errors":[{"message":"Compute Engine API has not been used in project 1074200345019 before or it is disabled. Enable it by visiting https://console.developers.google.com/apis/api/compute.googleapis.com/overview?project=1074200345019 then retry. If you enabled this API recently, wait a few minutes for the action to propagate to our systems and retry.","domain":"usageLimits","reason":"accessNotConfigured","extendedHelp":"https://console.developers.google.com"}],"status":"PERMISSION_DENIED","details":[{"@type":"type.googleapis.com/google.rpc.ErrorInfo","reason":"SERVICE_DISABLED","domain":"googleapis.com","metadata":{"service":"compute.googleapis.com","consumer":"projects/1074200345019","serviceTitle":"Compute Engine API","containerInfo":"1074200345019","activationUrl":"https://console.developers.google.com/apis/api/compute.googleapis.com/overview?project=1074200345019"}},{"@type":"type.googleapis.com/google.rpc.LocalizedMessage","locale":"en-US","message":"Compute Engine API has not been used in project 1074200345019 before or it is disabled. Enable it by visiting https://console.developers.google.com/apis/api/compute.googleapis.com/overview?project=1074200345019 then retry. If you enabled this API recently, wait a few minutes for the action to propagate to our systems and retry."},{"@type":"type.googleapis.com/google.rpc.Help","links":[{"description":"Google developers console API activation","url":"https://console.developers.google.com/apis/api/compute.googleapis.com/overview?project=1074200345019"}]}]}},"response":{"statusCode":403}},"exit":1,"message":"Request to https://compute.googleapis.com/compute/v1/projects/1074200345019 had HTTP Error: 403, Compute Engine API has not been used in project 1074200345019 before or it is disabled. Enable it by visiting https://console.developers.google.com/apis/api/compute.googleapis.com/overview?project=1074200345019 then retry. If you enabled this API recently, wait a few minutes for the action to propagate to our systems and retry.","status":403}
[debug] [2026-02-26T13:25:48.879Z] Checked if tokens are valid: true, expires at: 1772115498504
[debug] [2026-02-26T13:25:48.879Z] Checked if tokens are valid: true, expires at: 1772115498504
[debug] [2026-02-26T13:25:48.879Z] >>> [apiv2][query] GET https://cloudbilling.googleapis.com/v1/projects/fcp-digital/billingInfo [none]
[debug] [2026-02-26T13:25:49.460Z] <<< [apiv2][status] GET https://cloudbilling.googleapis.com/v1/projects/fcp-digital/billingInfo 200
[debug] [2026-02-26T13:25:49.460Z] <<< [apiv2][body] GET https://cloudbilling.googleapis.com/v1/projects/fcp-digital/billingInfo {"name":"projects/fcp-digital/billingInfo","projectId":"fcp-digital","billingAccountName":"billingAccounts/010058-B647FB-3E71C2","billingEnabled":true}
[debug] [2026-02-26T13:25:49.461Z] [functions] found 1 new HTTP functions, testing setIamPolicy permission...
[debug] [2026-02-26T13:25:49.461Z] Checked if tokens are valid: true, expires at: 1772115498504
[debug] [2026-02-26T13:25:49.462Z] Checked if tokens are valid: true, expires at: 1772115498504
[debug] [2026-02-26T13:25:49.462Z] >>> [apiv2][query] POST https://cloudresourcemanager.googleapis.com/v1/projects/fcp-digital:testIamPermissions [none]
[debug] [2026-02-26T13:25:49.462Z] >>> [apiv2][(partial)header] POST https://cloudresourcemanager.googleapis.com/v1/projects/fcp-digital:testIamPermissions  x-goog-user-project=fcp-digital
[debug] [2026-02-26T13:25:49.462Z] >>> [apiv2][body] POST https://cloudresourcemanager.googleapis.com/v1/projects/fcp-digital:testIamPermissions {"permissions":["cloudfunctions.functions.setIamPolicy"]}
[debug] [2026-02-26T13:25:49.676Z] <<< [apiv2][status] POST https://cloudresourcemanager.googleapis.com/v1/projects/fcp-digital:testIamPermissions 200
[debug] [2026-02-26T13:25:49.676Z] <<< [apiv2][body] POST https://cloudresourcemanager.googleapis.com/v1/projects/fcp-digital:testIamPermissions {"permissions":["cloudfunctions.functions.setIamPolicy"]}
[debug] [2026-02-26T13:25:49.676Z] [functions] found setIamPolicy permission, proceeding with deploy
[debug] [2026-02-26T13:25:49.677Z] Checked if tokens are valid: true, expires at: 1772115498504
[debug] [2026-02-26T13:25:49.677Z] Checked if tokens are valid: true, expires at: 1772115498504
[debug] [2026-02-26T13:25:49.677Z] >>> [apiv2][query] POST https://cloudfunctions.googleapis.com/v2/projects/fcp-digital/locations/us-central1/functions:generateUploadUrl [none]
[debug] [2026-02-26T13:25:52.159Z] <<< [apiv2][status] POST https://cloudfunctions.googleapis.com/v2/projects/fcp-digital/locations/us-central1/functions:generateUploadUrl 200
[debug] [2026-02-26T13:25:52.160Z] <<< [apiv2][body] POST https://cloudfunctions.googleapis.com/v2/projects/fcp-digital/locations/us-central1/functions:generateUploadUrl {"uploadUrl":"https://storage.googleapis.com/gcf-v2-uploads-1074200345019.us-central1.cloudfunctions.appspot.com/f30866dd-d188-4bc2-8eee-27e24190ef46.zip?GoogleAccessId=service-1074200345019@gcf-admin-robot.iam.gserviceaccount.com&Expires=1772114152&Signature=VCZZ%2BT2YK67MFw7p4Ss2Pe1bFRGXuKgrXMVFQf6RnV1iEEBloIKRmSz3VRJdQu5z563Ie%2F%2Bj%2BeXbkNPWXGnArnA3oD8DwG%2Flhube99LbK4ujFcGMUKtlOGM2e6kEK9mVgntzWC24q%2FAvgk%2FeA0SciRmGDuzQlqLOKlMyJD3TXbSmGjnLHRS2GtN3GqjH8N779R6U5AMQ8FEz4naNg238b7N2x6TxNBIz%2F4%2FK%2FvlIo6xIIi0hEwxabJwtq6vjOCychZwHSPgR58p%2FAOqp0spmMoUHYkkOk56sYdKCpZILPx3xOCsUxFCvclCwnGWNKDlhbU%2B9jRq96rRcXL9lzl2V8A%3D%3D","storageSource":{"bucket":"gcf-v2-uploads-1074200345019.us-central1.cloudfunctions.appspot.com","object":"f30866dd-d188-4bc2-8eee-27e24190ef46.zip"}}
[debug] [2026-02-26T13:25:52.160Z] >>> [apiv2][query] PUT https://storage.googleapis.com/gcf-v2-uploads-1074200345019.us-central1.cloudfunctions.appspot.com/f30866dd-d188-4bc2-8eee-27e24190ef46.zip GoogleAccessId=service-1074200345019%40gcf-admin-robot.iam.gserviceaccount.com&Expires=1772114152&Signature=VCZZ%2BT2YK67MFw7p4Ss2Pe1bFRGXuKgrXMVFQf6RnV1iEEBloIKRmSz3VRJdQu5z563Ie%2F%2Bj%2BeXbkNPWXGnArnA3oD8DwG%2Flhube99LbK4ujFcGMUKtlOGM2e6kEK9mVgntzWC24q%2FAvgk%2FeA0SciRmGDuzQlqLOKlMyJD3TXbSmGjnLHRS2GtN3GqjH8N779R6U5AMQ8FEz4naNg238b7N2x6TxNBIz%2F4%2FK%2FvlIo6xIIi0hEwxabJwtq6vjOCychZwHSPgR58p%2FAOqp0spmMoUHYkkOk56sYdKCpZILPx3xOCsUxFCvclCwnGWNKDlhbU%2B9jRq96rRcXL9lzl2V8A%3D%3D
[debug] [2026-02-26T13:25:52.161Z] >>> [apiv2][body] PUT https://storage.googleapis.com/gcf-v2-uploads-1074200345019.us-central1.cloudfunctions.appspot.com/f30866dd-d188-4bc2-8eee-27e24190ef46.zip [stream]
[debug] [2026-02-26T13:25:52.860Z] <<< [apiv2][status] PUT https://storage.googleapis.com/gcf-v2-uploads-1074200345019.us-central1.cloudfunctions.appspot.com/f30866dd-d188-4bc2-8eee-27e24190ef46.zip 200
[debug] [2026-02-26T13:25:52.860Z] <<< [apiv2][body] PUT https://storage.googleapis.com/gcf-v2-uploads-1074200345019.us-central1.cloudfunctions.appspot.com/f30866dd-d188-4bc2-8eee-27e24190ef46.zip [omitted]
[info] +  functions: functions source uploaded successfully 
[info] i  functions: creating Node.js 22 (2nd Gen) function processImageWithAI(us-central1)... 
[debug] [2026-02-26T13:25:52.864Z] Checked if tokens are valid: true, expires at: 1772115498504
[debug] [2026-02-26T13:25:52.864Z] Checked if tokens are valid: true, expires at: 1772115498504
[debug] [2026-02-26T13:25:52.864Z] >>> [apiv2][query] POST https://cloudfunctions.googleapis.com/v2/projects/fcp-digital/locations/us-central1/functions functionId=processImageWithAI
[debug] [2026-02-26T13:25:52.864Z] >>> [apiv2][body] POST https://cloudfunctions.googleapis.com/v2/projects/fcp-digital/locations/us-central1/functions {"name":"projects/fcp-digital/locations/us-central1/functions/processImageWithAI","buildConfig":{"runtime":"nodejs22","entryPoint":"processImageWithAI","source":{"storageSource":{"bucket":"gcf-v2-uploads-1074200345019.us-central1.cloudfunctions.appspot.com","object":"f30866dd-d188-4bc2-8eee-27e24190ef46.zip"}},"environmentVariables":{"GOOGLE_NODE_RUN_SCRIPTS":""}},"serviceConfig":{"environmentVariables":{"FIREBASE_CONFIG":"{\"projectId\":\"fcp-digital\",\"storageBucket\":\"fcp-digital.firebasestorage.app\"}","GCLOUD_PROJECT":"fcp-digital","EVENTARC_CLOUD_EVENT_SOURCE":"projects/fcp-digital/locations/us-central1/services/processImageWithAI","FUNCTION_TARGET":"processImageWithAI","LOG_EXECUTION_ID":"true"},"ingressSettings":null,"timeoutSeconds":120,"serviceAccountEmail":null,"availableMemory":"512Mi","minInstanceCount":null,"maxInstanceCount":null,"maxInstanceRequestConcurrency":80,"availableCpu":"1","vpcConnector":null,"vpcConnectorEgressSettings":null},"labels":{"deployment-tool":"cli-firebase","firebase-functions-hash":"36c968356bdf4c425b8d1f4f5664ee777fe83baf"}}
[debug] [2026-02-26T13:25:55.120Z] <<< [apiv2][status] POST https://cloudfunctions.googleapis.com/v2/projects/fcp-digital/locations/us-central1/functions 200
[debug] [2026-02-26T13:25:55.121Z] <<< [apiv2][body] POST https://cloudfunctions.googleapis.com/v2/projects/fcp-digital/locations/us-central1/functions {"name":"projects/fcp-digital/locations/us-central1/operations/operation-1772112354586-64bba0f65adb4-aac8d62f-64f500b2","metadata":{"@type":"type.googleapis.com/google.cloud.functions.v2.OperationMetadata","createTime":"2026-02-26T13:25:55.500683161Z","target":"projects/fcp-digital/locations/us-central1/functions/processImageWithAI","verb":"create","cancelRequested":false,"apiVersion":"v2"},"done":false}
[debug] [2026-02-26T13:25:55.121Z] Checked if tokens are valid: true, expires at: 1772115498504
[debug] [2026-02-26T13:25:55.121Z] Checked if tokens are valid: true, expires at: 1772115498504
[debug] [2026-02-26T13:25:55.121Z] >>> [apiv2][query] GET https://cloudfunctions.googleapis.com/v2/projects/fcp-digital/locations/us-central1/operations/operation-1772112354586-64bba0f65adb4-aac8d62f-64f500b2 [none]
[debug] [2026-02-26T13:25:56.465Z] <<< [apiv2][status] GET https://cloudfunctions.googleapis.com/v2/projects/fcp-digital/locations/us-central1/operations/operation-1772112354586-64bba0f65adb4-aac8d62f-64f500b2 200
[debug] [2026-02-26T13:25:56.465Z] <<< [apiv2][body] GET https://cloudfunctions.googleapis.com/v2/projects/fcp-digital/locations/us-central1/operations/operation-1772112354586-64bba0f65adb4-aac8d62f-64f500b2 {"name":"projects/fcp-digital/locations/us-central1/operations/operation-1772112354586-64bba0f65adb4-aac8d62f-64f500b2","metadata":{"@type":"type.googleapis.com/google.cloud.functions.v2.OperationMetadata","createTime":"2026-02-26T13:25:55.500683161Z","target":"projects/fcp-digital/locations/us-central1/functions/processImageWithAI","verb":"create","cancelRequested":false,"apiVersion":"v2","requestResource":{"@type":"type.googleapis.com/google.cloud.functions.v2.Function","name":"projects/fcp-digital/locations/us-central1/functions/processImageWithAI","buildConfig":{"runtime":"nodejs22","entryPoint":"processImageWithAI","source":{"storageSource":{"bucket":"gcf-v2-sources-1074200345019-us-central1","object":"processImageWithAI/function-source.zip","generation":"1772112355202577"}},"environmentVariables":{"GOOGLE_NODE_RUN_SCRIPTS":""},"serviceAccount":"projects/fcp-digital/serviceAccounts/1074200345019-compute@developer.gserviceaccount.com","automaticUpdatePolicy":{}},"serviceConfig":{"service":"projects/fcp-digital/locations/us-central1/services/processimagewithai","timeoutSeconds":120,"environmentVariables":{"FIREBASE_CONFIG":"{\"projectId\":\"fcp-digital\",\"storageBucket\":\"fcp-digital.firebasestorage.app\"}","GCLOUD_PROJECT":"fcp-digital","EVENTARC_CLOUD_EVENT_SOURCE":"projects/fcp-digital/locations/us-central1/services/processImageWithAI","FUNCTION_TARGET":"processImageWithAI","LOG_EXECUTION_ID":"true"},"ingressSettings":"ALLOW_ALL","serviceAccountEmail":"1074200345019-compute@developer.gserviceaccount.com","availableMemory":"512Mi","maxInstanceRequestConcurrency":80,"availableCpu":"1"},"labels":{"deployment-tool":"cli-firebase","firebase-functions-hash":"36c968356bdf4c425b8d1f4f5664ee777fe83baf"},"environment":"GEN_2"},"stages":[{"name":"BUILD","state":"NOT_STARTED"},{"name":"SERVICE","state":"NOT_STARTED"}],"operationType":"CREATE_FUNCTION"},"done":false}
[debug] [2026-02-26T13:25:56.974Z] [create-default-us-central1-processImageWithAI] Retrying task index 0
[debug] [2026-02-26T13:25:56.975Z] Checked if tokens are valid: true, expires at: 1772115498504
[debug] [2026-02-26T13:25:56.975Z] Checked if tokens are valid: true, expires at: 1772115498504
[debug] [2026-02-26T13:25:56.975Z] >>> [apiv2][query] GET https://cloudfunctions.googleapis.com/v2/projects/fcp-digital/locations/us-central1/operations/operation-1772112354586-64bba0f65adb4-aac8d62f-64f500b2 [none]
[debug] [2026-02-26T13:25:58.364Z] <<< [apiv2][status] GET https://cloudfunctions.googleapis.com/v2/projects/fcp-digital/locations/us-central1/operations/operation-1772112354586-64bba0f65adb4-aac8d62f-64f500b2 200
[debug] [2026-02-26T13:25:58.364Z] <<< [apiv2][body] GET https://cloudfunctions.googleapis.com/v2/projects/fcp-digital/locations/us-central1/operations/operation-1772112354586-64bba0f65adb4-aac8d62f-64f500b2 {"name":"projects/fcp-digital/locations/us-central1/operations/operation-1772112354586-64bba0f65adb4-aac8d62f-64f500b2","metadata":{"@type":"type.googleapis.com/google.cloud.functions.v2.OperationMetadata","createTime":"2026-02-26T13:25:55.500683161Z","target":"projects/fcp-digital/locations/us-central1/functions/processImageWithAI","verb":"create","cancelRequested":false,"apiVersion":"v2","requestResource":{"@type":"type.googleapis.com/google.cloud.functions.v2.Function","name":"projects/fcp-digital/locations/us-central1/functions/processImageWithAI","buildConfig":{"runtime":"nodejs22","entryPoint":"processImageWithAI","source":{"storageSource":{"bucket":"gcf-v2-sources-1074200345019-us-central1","object":"processImageWithAI/function-source.zip","generation":"1772112355202577"}},"environmentVariables":{"GOOGLE_NODE_RUN_SCRIPTS":""},"serviceAccount":"projects/fcp-digital/serviceAccounts/1074200345019-compute@developer.gserviceaccount.com","automaticUpdatePolicy":{}},"serviceConfig":{"service":"projects/fcp-digital/locations/us-central1/services/processimagewithai","timeoutSeconds":120,"environmentVariables":{"FIREBASE_CONFIG":"{\"projectId\":\"fcp-digital\",\"storageBucket\":\"fcp-digital.firebasestorage.app\"}","GCLOUD_PROJECT":"fcp-digital","EVENTARC_CLOUD_EVENT_SOURCE":"projects/fcp-digital/locations/us-central1/services/processImageWithAI","FUNCTION_TARGET":"processImageWithAI","LOG_EXECUTION_ID":"true"},"ingressSettings":"ALLOW_ALL","serviceAccountEmail":"1074200345019-compute@developer.gserviceaccount.com","availableMemory":"512Mi","maxInstanceRequestConcurrency":80,"availableCpu":"1"},"labels":{"deployment-tool":"cli-firebase","firebase-functions-hash":"36c968356bdf4c425b8d1f4f5664ee777fe83baf"},"environment":"GEN_2"},"stages":[{"name":"BUILD","state":"NOT_STARTED"},{"name":"SERVICE","state":"NOT_STARTED"}],"operationType":"CREATE_FUNCTION"},"done":false}
[debug] [2026-02-26T13:25:59.365Z] [create-default-us-central1-processImageWithAI] Retrying task index 0
[debug] [2026-02-26T13:25:59.366Z] Checked if tokens are valid: true, expires at: 1772115498504
[debug] [2026-02-26T13:25:59.366Z] Checked if tokens are valid: true, expires at: 1772115498504
[debug] [2026-02-26T13:25:59.366Z] >>> [apiv2][query] GET https://cloudfunctions.googleapis.com/v2/projects/fcp-digital/locations/us-central1/operations/operation-1772112354586-64bba0f65adb4-aac8d62f-64f500b2 [none]
[debug] [2026-02-26T13:26:00.681Z] <<< [apiv2][status] GET https://cloudfunctions.googleapis.com/v2/projects/fcp-digital/locations/us-central1/operations/operation-1772112354586-64bba0f65adb4-aac8d62f-64f500b2 200
[debug] [2026-02-26T13:26:00.682Z] <<< [apiv2][body] GET https://cloudfunctions.googleapis.com/v2/projects/fcp-digital/locations/us-central1/operations/operation-1772112354586-64bba0f65adb4-aac8d62f-64f500b2 {"name":"projects/fcp-digital/locations/us-central1/operations/operation-1772112354586-64bba0f65adb4-aac8d62f-64f500b2","metadata":{"@type":"type.googleapis.com/google.cloud.functions.v2.OperationMetadata","createTime":"2026-02-26T13:25:55.500683161Z","target":"projects/fcp-digital/locations/us-central1/functions/processImageWithAI","verb":"create","cancelRequested":false,"apiVersion":"v2","requestResource":{"@type":"type.googleapis.com/google.cloud.functions.v2.Function","name":"projects/fcp-digital/locations/us-central1/functions/processImageWithAI","buildConfig":{"runtime":"nodejs22","entryPoint":"processImageWithAI","source":{"storageSource":{"bucket":"gcf-v2-sources-1074200345019-us-central1","object":"processImageWithAI/function-source.zip","generation":"1772112355202577"}},"environmentVariables":{"GOOGLE_NODE_RUN_SCRIPTS":""},"serviceAccount":"projects/fcp-digital/serviceAccounts/1074200345019-compute@developer.gserviceaccount.com","automaticUpdatePolicy":{}},"serviceConfig":{"service":"projects/fcp-digital/locations/us-central1/services/processimagewithai","timeoutSeconds":120,"environmentVariables":{"FIREBASE_CONFIG":"{\"projectId\":\"fcp-digital\",\"storageBucket\":\"fcp-digital.firebasestorage.app\"}","GCLOUD_PROJECT":"fcp-digital","EVENTARC_CLOUD_EVENT_SOURCE":"projects/fcp-digital/locations/us-central1/services/processImageWithAI","FUNCTION_TARGET":"processImageWithAI","LOG_EXECUTION_ID":"true"},"ingressSettings":"ALLOW_ALL","serviceAccountEmail":"1074200345019-compute@developer.gserviceaccount.com","availableMemory":"512Mi","maxInstanceRequestConcurrency":80,"availableCpu":"1"},"labels":{"deployment-tool":"cli-firebase","firebase-functions-hash":"36c968356bdf4c425b8d1f4f5664ee777fe83baf"},"environment":"GEN_2"},"stages":[{"name":"BUILD","state":"NOT_STARTED"},{"name":"SERVICE","state":"NOT_STARTED"}],"operationType":"CREATE_FUNCTION"},"done":false}
[debug] [2026-02-26T13:26:02.688Z] [create-default-us-central1-processImageWithAI] Retrying task index 0
[debug] [2026-02-26T13:26:02.688Z] Checked if tokens are valid: true, expires at: 1772115498504
[debug] [2026-02-26T13:26:02.688Z] Checked if tokens are valid: true, expires at: 1772115498504
[debug] [2026-02-26T13:26:02.689Z] >>> [apiv2][query] GET https://cloudfunctions.googleapis.com/v2/projects/fcp-digital/locations/us-central1/operations/operation-1772112354586-64bba0f65adb4-aac8d62f-64f500b2 [none]
[debug] [2026-02-26T13:26:04.441Z] <<< [apiv2][status] GET https://cloudfunctions.googleapis.com/v2/projects/fcp-digital/locations/us-central1/operations/operation-1772112354586-64bba0f65adb4-aac8d62f-64f500b2 200
[debug] [2026-02-26T13:26:04.441Z] <<< [apiv2][body] GET https://cloudfunctions.googleapis.com/v2/projects/fcp-digital/locations/us-central1/operations/operation-1772112354586-64bba0f65adb4-aac8d62f-64f500b2 {"name":"projects/fcp-digital/locations/us-central1/operations/operation-1772112354586-64bba0f65adb4-aac8d62f-64f500b2","metadata":{"@type":"type.googleapis.com/google.cloud.functions.v2.OperationMetadata","createTime":"2026-02-26T13:25:55.500683161Z","target":"projects/fcp-digital/locations/us-central1/functions/processImageWithAI","verb":"create","cancelRequested":false,"apiVersion":"v2","requestResource":{"@type":"type.googleapis.com/google.cloud.functions.v2.Function","name":"projects/fcp-digital/locations/us-central1/functions/processImageWithAI","buildConfig":{"runtime":"nodejs22","entryPoint":"processImageWithAI","source":{"storageSource":{"bucket":"gcf-v2-sources-1074200345019-us-central1","object":"processImageWithAI/function-source.zip","generation":"1772112355202577"}},"environmentVariables":{"GOOGLE_NODE_RUN_SCRIPTS":""},"serviceAccount":"projects/fcp-digital/serviceAccounts/1074200345019-compute@developer.gserviceaccount.com","automaticUpdatePolicy":{}},"serviceConfig":{"service":"projects/fcp-digital/locations/us-central1/services/processimagewithai","timeoutSeconds":120,"environmentVariables":{"FIREBASE_CONFIG":"{\"projectId\":\"fcp-digital\",\"storageBucket\":\"fcp-digital.firebasestorage.app\"}","GCLOUD_PROJECT":"fcp-digital","EVENTARC_CLOUD_EVENT_SOURCE":"projects/fcp-digital/locations/us-central1/services/processImageWithAI","FUNCTION_TARGET":"processImageWithAI","LOG_EXECUTION_ID":"true"},"ingressSettings":"ALLOW_ALL","serviceAccountEmail":"1074200345019-compute@developer.gserviceaccount.com","availableMemory":"512Mi","maxInstanceRequestConcurrency":80,"availableCpu":"1"},"labels":{"deployment-tool":"cli-firebase","firebase-functions-hash":"36c968356bdf4c425b8d1f4f5664ee777fe83baf"},"environment":"GEN_2"},"stages":[{"name":"BUILD","message":"Creating build","state":"IN_PROGRESS","resource":"projects/1074200345019/locations/us-central1/builds/81ce8deb-67fd-402b-8d9f-a19a1f6c61de","resourceUri":"https://console.cloud.google.com/cloud-build/builds;region=us-central1/81ce8deb-67fd-402b-8d9f-a19a1f6c61de?project=1074200345019"},{"name":"SERVICE","state":"NOT_STARTED"}],"operationType":"CREATE_FUNCTION","buildName":"projects/1074200345019/locations/us-central1/builds/81ce8deb-67fd-402b-8d9f-a19a1f6c61de"},"done":false}
[debug] [2026-02-26T13:26:08.449Z] [create-default-us-central1-processImageWithAI] Retrying task index 0
[debug] [2026-02-26T13:26:08.449Z] Checked if tokens are valid: true, expires at: 1772115498504
[debug] [2026-02-26T13:26:08.449Z] Checked if tokens are valid: true, expires at: 1772115498504
[debug] [2026-02-26T13:26:08.450Z] >>> [apiv2][query] GET https://cloudfunctions.googleapis.com/v2/projects/fcp-digital/locations/us-central1/operations/operation-1772112354586-64bba0f65adb4-aac8d62f-64f500b2 [none]
[debug] [2026-02-26T13:26:09.790Z] <<< [apiv2][status] GET https://cloudfunctions.googleapis.com/v2/projects/fcp-digital/locations/us-central1/operations/operation-1772112354586-64bba0f65adb4-aac8d62f-64f500b2 200
[debug] [2026-02-26T13:26:09.790Z] <<< [apiv2][body] GET https://cloudfunctions.googleapis.com/v2/projects/fcp-digital/locations/us-central1/operations/operation-1772112354586-64bba0f65adb4-aac8d62f-64f500b2 {"name":"projects/fcp-digital/locations/us-central1/operations/operation-1772112354586-64bba0f65adb4-aac8d62f-64f500b2","metadata":{"@type":"type.googleapis.com/google.cloud.functions.v2.OperationMetadata","createTime":"2026-02-26T13:25:55.500683161Z","target":"projects/fcp-digital/locations/us-central1/functions/processImageWithAI","verb":"create","cancelRequested":false,"apiVersion":"v2","requestResource":{"@type":"type.googleapis.com/google.cloud.functions.v2.Function","name":"projects/fcp-digital/locations/us-central1/functions/processImageWithAI","buildConfig":{"runtime":"nodejs22","entryPoint":"processImageWithAI","source":{"storageSource":{"bucket":"gcf-v2-sources-1074200345019-us-central1","object":"processImageWithAI/function-source.zip","generation":"1772112355202577"}},"environmentVariables":{"GOOGLE_NODE_RUN_SCRIPTS":""},"serviceAccount":"projects/fcp-digital/serviceAccounts/1074200345019-compute@developer.gserviceaccount.com","automaticUpdatePolicy":{}},"serviceConfig":{"service":"projects/fcp-digital/locations/us-central1/services/processimagewithai","timeoutSeconds":120,"environmentVariables":{"FIREBASE_CONFIG":"{\"projectId\":\"fcp-digital\",\"storageBucket\":\"fcp-digital.firebasestorage.app\"}","GCLOUD_PROJECT":"fcp-digital","EVENTARC_CLOUD_EVENT_SOURCE":"projects/fcp-digital/locations/us-central1/services/processImageWithAI","FUNCTION_TARGET":"processImageWithAI","LOG_EXECUTION_ID":"true"},"ingressSettings":"ALLOW_ALL","serviceAccountEmail":"1074200345019-compute@developer.gserviceaccount.com","availableMemory":"512Mi","maxInstanceRequestConcurrency":80,"availableCpu":"1"},"labels":{"deployment-tool":"cli-firebase","firebase-functions-hash":"36c968356bdf4c425b8d1f4f5664ee777fe83baf"},"environment":"GEN_2"},"stages":[{"name":"BUILD","message":"Build in progress","state":"IN_PROGRESS","resource":"projects/1074200345019/locations/us-central1/builds/81ce8deb-67fd-402b-8d9f-a19a1f6c61de","resourceUri":"https://console.cloud.google.com/cloud-build/builds;region=us-central1/81ce8deb-67fd-402b-8d9f-a19a1f6c61de?project=1074200345019"},{"name":"SERVICE","state":"NOT_STARTED"}],"operationType":"CREATE_FUNCTION","buildName":"projects/1074200345019/locations/us-central1/builds/81ce8deb-67fd-402b-8d9f-a19a1f6c61de"},"done":false}
[debug] [2026-02-26T13:26:17.792Z] [create-default-us-central1-processImageWithAI] Retrying task index 0
[debug] [2026-02-26T13:26:17.792Z] Checked if tokens are valid: true, expires at: 1772115498504
[debug] [2026-02-26T13:26:17.793Z] Checked if tokens are valid: true, expires at: 1772115498504
[debug] [2026-02-26T13:26:17.793Z] >>> [apiv2][query] GET https://cloudfunctions.googleapis.com/v2/projects/fcp-digital/locations/us-central1/operations/operation-1772112354586-64bba0f65adb4-aac8d62f-64f500b2 [none]
[debug] [2026-02-26T13:26:19.255Z] <<< [apiv2][status] GET https://cloudfunctions.googleapis.com/v2/projects/fcp-digital/locations/us-central1/operations/operation-1772112354586-64bba0f65adb4-aac8d62f-64f500b2 200
[debug] [2026-02-26T13:26:19.255Z] <<< [apiv2][body] GET https://cloudfunctions.googleapis.com/v2/projects/fcp-digital/locations/us-central1/operations/operation-1772112354586-64bba0f65adb4-aac8d62f-64f500b2 {"name":"projects/fcp-digital/locations/us-central1/operations/operation-1772112354586-64bba0f65adb4-aac8d62f-64f500b2","metadata":{"@type":"type.googleapis.com/google.cloud.functions.v2.OperationMetadata","createTime":"2026-02-26T13:25:55.500683161Z","target":"projects/fcp-digital/locations/us-central1/functions/processImageWithAI","verb":"create","cancelRequested":false,"apiVersion":"v2","requestResource":{"@type":"type.googleapis.com/google.cloud.functions.v2.Function","name":"projects/fcp-digital/locations/us-central1/functions/processImageWithAI","buildConfig":{"runtime":"nodejs22","entryPoint":"processImageWithAI","source":{"storageSource":{"bucket":"gcf-v2-sources-1074200345019-us-central1","object":"processImageWithAI/function-source.zip","generation":"1772112355202577"}},"environmentVariables":{"GOOGLE_NODE_RUN_SCRIPTS":""},"serviceAccount":"projects/fcp-digital/serviceAccounts/1074200345019-compute@developer.gserviceaccount.com","automaticUpdatePolicy":{}},"serviceConfig":{"service":"projects/fcp-digital/locations/us-central1/services/processimagewithai","timeoutSeconds":120,"environmentVariables":{"FIREBASE_CONFIG":"{\"projectId\":\"fcp-digital\",\"storageBucket\":\"fcp-digital.firebasestorage.app\"}","GCLOUD_PROJECT":"fcp-digital","EVENTARC_CLOUD_EVENT_SOURCE":"projects/fcp-digital/locations/us-central1/services/processImageWithAI","FUNCTION_TARGET":"processImageWithAI","LOG_EXECUTION_ID":"true"},"ingressSettings":"ALLOW_ALL","serviceAccountEmail":"1074200345019-compute@developer.gserviceaccount.com","availableMemory":"512Mi","maxInstanceRequestConcurrency":80,"availableCpu":"1"},"labels":{"deployment-tool":"cli-firebase","firebase-functions-hash":"36c968356bdf4c425b8d1f4f5664ee777fe83baf"},"environment":"GEN_2"},"stages":[{"name":"BUILD","message":"Build in progress","state":"IN_PROGRESS","resource":"projects/1074200345019/locations/us-central1/builds/81ce8deb-67fd-402b-8d9f-a19a1f6c61de","resourceUri":"https://console.cloud.google.com/cloud-build/builds;region=us-central1/81ce8deb-67fd-402b-8d9f-a19a1f6c61de?project=1074200345019"},{"name":"SERVICE","state":"NOT_STARTED"}],"operationType":"CREATE_FUNCTION","buildName":"projects/1074200345019/locations/us-central1/builds/81ce8deb-67fd-402b-8d9f-a19a1f6c61de"},"done":false}
[debug] [2026-02-26T13:26:29.264Z] [create-default-us-central1-processImageWithAI] Retrying task index 0
[debug] [2026-02-26T13:26:29.264Z] Checked if tokens are valid: true, expires at: 1772115498504
[debug] [2026-02-26T13:26:29.264Z] Checked if tokens are valid: true, expires at: 1772115498504
[debug] [2026-02-26T13:26:29.264Z] >>> [apiv2][query] GET https://cloudfunctions.googleapis.com/v2/projects/fcp-digital/locations/us-central1/operations/operation-1772112354586-64bba0f65adb4-aac8d62f-64f500b2 [none]
[debug] [2026-02-26T13:26:30.788Z] <<< [apiv2][status] GET https://cloudfunctions.googleapis.com/v2/projects/fcp-digital/locations/us-central1/operations/operation-1772112354586-64bba0f65adb4-aac8d62f-64f500b2 200
[debug] [2026-02-26T13:26:30.788Z] <<< [apiv2][body] GET https://cloudfunctions.googleapis.com/v2/projects/fcp-digital/locations/us-central1/operations/operation-1772112354586-64bba0f65adb4-aac8d62f-64f500b2 {"name":"projects/fcp-digital/locations/us-central1/operations/operation-1772112354586-64bba0f65adb4-aac8d62f-64f500b2","metadata":{"@type":"type.googleapis.com/google.cloud.functions.v2.OperationMetadata","createTime":"2026-02-26T13:25:55.500683161Z","target":"projects/fcp-digital/locations/us-central1/functions/processImageWithAI","verb":"create","cancelRequested":false,"apiVersion":"v2","requestResource":{"@type":"type.googleapis.com/google.cloud.functions.v2.Function","name":"projects/fcp-digital/locations/us-central1/functions/processImageWithAI","buildConfig":{"runtime":"nodejs22","entryPoint":"processImageWithAI","source":{"storageSource":{"bucket":"gcf-v2-sources-1074200345019-us-central1","object":"processImageWithAI/function-source.zip","generation":"1772112355202577"}},"environmentVariables":{"GOOGLE_NODE_RUN_SCRIPTS":""},"serviceAccount":"projects/fcp-digital/serviceAccounts/1074200345019-compute@developer.gserviceaccount.com","automaticUpdatePolicy":{}},"serviceConfig":{"service":"projects/fcp-digital/locations/us-central1/services/processimagewithai","timeoutSeconds":120,"environmentVariables":{"FIREBASE_CONFIG":"{\"projectId\":\"fcp-digital\",\"storageBucket\":\"fcp-digital.firebasestorage.app\"}","GCLOUD_PROJECT":"fcp-digital","EVENTARC_CLOUD_EVENT_SOURCE":"projects/fcp-digital/locations/us-central1/services/processImageWithAI","FUNCTION_TARGET":"processImageWithAI","LOG_EXECUTION_ID":"true"},"ingressSettings":"ALLOW_ALL","serviceAccountEmail":"1074200345019-compute@developer.gserviceaccount.com","availableMemory":"512Mi","maxInstanceRequestConcurrency":80,"availableCpu":"1"},"labels":{"deployment-tool":"cli-firebase","firebase-functions-hash":"36c968356bdf4c425b8d1f4f5664ee777fe83baf"},"environment":"GEN_2"},"stages":[{"name":"BUILD","message":"Build in progress","state":"IN_PROGRESS","resource":"projects/1074200345019/locations/us-central1/builds/81ce8deb-67fd-402b-8d9f-a19a1f6c61de","resourceUri":"https://console.cloud.google.com/cloud-build/builds;region=us-central1/81ce8deb-67fd-402b-8d9f-a19a1f6c61de?project=1074200345019"},{"name":"SERVICE","state":"NOT_STARTED"}],"operationType":"CREATE_FUNCTION","buildName":"projects/1074200345019/locations/us-central1/builds/81ce8deb-67fd-402b-8d9f-a19a1f6c61de"},"done":false}
[debug] [2026-02-26T13:26:40.789Z] [create-default-us-central1-processImageWithAI] Retrying task index 0
[debug] [2026-02-26T13:26:40.789Z] Checked if tokens are valid: true, expires at: 1772115498504
[debug] [2026-02-26T13:26:40.790Z] Checked if tokens are valid: true, expires at: 1772115498504
[debug] [2026-02-26T13:26:40.790Z] >>> [apiv2][query] GET https://cloudfunctions.googleapis.com/v2/projects/fcp-digital/locations/us-central1/operations/operation-1772112354586-64bba0f65adb4-aac8d62f-64f500b2 [none]
[debug] [2026-02-26T13:26:42.257Z] <<< [apiv2][status] GET https://cloudfunctions.googleapis.com/v2/projects/fcp-digital/locations/us-central1/operations/operation-1772112354586-64bba0f65adb4-aac8d62f-64f500b2 200
[debug] [2026-02-26T13:26:42.257Z] <<< [apiv2][body] GET https://cloudfunctions.googleapis.com/v2/projects/fcp-digital/locations/us-central1/operations/operation-1772112354586-64bba0f65adb4-aac8d62f-64f500b2 {"name":"projects/fcp-digital/locations/us-central1/operations/operation-1772112354586-64bba0f65adb4-aac8d62f-64f500b2","metadata":{"@type":"type.googleapis.com/google.cloud.functions.v2.OperationMetadata","createTime":"2026-02-26T13:25:55.500683161Z","target":"projects/fcp-digital/locations/us-central1/functions/processImageWithAI","verb":"create","cancelRequested":false,"apiVersion":"v2","requestResource":{"@type":"type.googleapis.com/google.cloud.functions.v2.Function","name":"projects/fcp-digital/locations/us-central1/functions/processImageWithAI","buildConfig":{"runtime":"nodejs22","entryPoint":"processImageWithAI","source":{"storageSource":{"bucket":"gcf-v2-sources-1074200345019-us-central1","object":"processImageWithAI/function-source.zip","generation":"1772112355202577"}},"environmentVariables":{"GOOGLE_NODE_RUN_SCRIPTS":""},"serviceAccount":"projects/fcp-digital/serviceAccounts/1074200345019-compute@developer.gserviceaccount.com","automaticUpdatePolicy":{}},"serviceConfig":{"service":"projects/fcp-digital/locations/us-central1/services/processimagewithai","timeoutSeconds":120,"environmentVariables":{"FIREBASE_CONFIG":"{\"projectId\":\"fcp-digital\",\"storageBucket\":\"fcp-digital.firebasestorage.app\"}","GCLOUD_PROJECT":"fcp-digital","EVENTARC_CLOUD_EVENT_SOURCE":"projects/fcp-digital/locations/us-central1/services/processImageWithAI","FUNCTION_TARGET":"processImageWithAI","LOG_EXECUTION_ID":"true"},"ingressSettings":"ALLOW_ALL","serviceAccountEmail":"1074200345019-compute@developer.gserviceaccount.com","availableMemory":"512Mi","maxInstanceRequestConcurrency":80,"availableCpu":"1"},"labels":{"deployment-tool":"cli-firebase","firebase-functions-hash":"36c968356bdf4c425b8d1f4f5664ee777fe83baf"},"environment":"GEN_2"},"stages":[{"name":"BUILD","message":"Build in progress","state":"IN_PROGRESS","resource":"projects/1074200345019/locations/us-central1/builds/81ce8deb-67fd-402b-8d9f-a19a1f6c61de","resourceUri":"https://console.cloud.google.com/cloud-build/builds;region=us-central1/81ce8deb-67fd-402b-8d9f-a19a1f6c61de?project=1074200345019"},{"name":"SERVICE","state":"NOT_STARTED"}],"operationType":"CREATE_FUNCTION","buildName":"projects/1074200345019/locations/us-central1/builds/81ce8deb-67fd-402b-8d9f-a19a1f6c61de"},"done":false}
[debug] [2026-02-26T13:26:52.264Z] [create-default-us-central1-processImageWithAI] Retrying task index 0
[debug] [2026-02-26T13:26:52.264Z] Checked if tokens are valid: true, expires at: 1772115498504
[debug] [2026-02-26T13:26:52.264Z] Checked if tokens are valid: true, expires at: 1772115498504
[debug] [2026-02-26T13:26:52.264Z] >>> [apiv2][query] GET https://cloudfunctions.googleapis.com/v2/projects/fcp-digital/locations/us-central1/operations/operation-1772112354586-64bba0f65adb4-aac8d62f-64f500b2 [none]
[debug] [2026-02-26T13:26:53.731Z] <<< [apiv2][status] GET https://cloudfunctions.googleapis.com/v2/projects/fcp-digital/locations/us-central1/operations/operation-1772112354586-64bba0f65adb4-aac8d62f-64f500b2 200
[debug] [2026-02-26T13:26:53.731Z] <<< [apiv2][body] GET https://cloudfunctions.googleapis.com/v2/projects/fcp-digital/locations/us-central1/operations/operation-1772112354586-64bba0f65adb4-aac8d62f-64f500b2 {"name":"projects/fcp-digital/locations/us-central1/operations/operation-1772112354586-64bba0f65adb4-aac8d62f-64f500b2","metadata":{"@type":"type.googleapis.com/google.cloud.functions.v2.OperationMetadata","createTime":"2026-02-26T13:25:55.500683161Z","target":"projects/fcp-digital/locations/us-central1/functions/processImageWithAI","verb":"create","cancelRequested":false,"apiVersion":"v2","requestResource":{"@type":"type.googleapis.com/google.cloud.functions.v2.Function","name":"projects/fcp-digital/locations/us-central1/functions/processImageWithAI","buildConfig":{"runtime":"nodejs22","entryPoint":"processImageWithAI","source":{"storageSource":{"bucket":"gcf-v2-sources-1074200345019-us-central1","object":"processImageWithAI/function-source.zip","generation":"1772112355202577"}},"environmentVariables":{"GOOGLE_NODE_RUN_SCRIPTS":""},"serviceAccount":"projects/fcp-digital/serviceAccounts/1074200345019-compute@developer.gserviceaccount.com","automaticUpdatePolicy":{}},"serviceConfig":{"service":"projects/fcp-digital/locations/us-central1/services/processimagewithai","timeoutSeconds":120,"environmentVariables":{"FIREBASE_CONFIG":"{\"projectId\":\"fcp-digital\",\"storageBucket\":\"fcp-digital.firebasestorage.app\"}","GCLOUD_PROJECT":"fcp-digital","EVENTARC_CLOUD_EVENT_SOURCE":"projects/fcp-digital/locations/us-central1/services/processImageWithAI","FUNCTION_TARGET":"processImageWithAI","LOG_EXECUTION_ID":"true"},"ingressSettings":"ALLOW_ALL","serviceAccountEmail":"1074200345019-compute@developer.gserviceaccount.com","availableMemory":"512Mi","maxInstanceRequestConcurrency":80,"availableCpu":"1"},"labels":{"deployment-tool":"cli-firebase","firebase-functions-hash":"36c968356bdf4c425b8d1f4f5664ee777fe83baf"},"environment":"GEN_2"},"stages":[{"name":"BUILD","message":"Build finished","state":"COMPLETE","resource":"projects/1074200345019/locations/us-central1/builds/81ce8deb-67fd-402b-8d9f-a19a1f6c61de","resourceUri":"https://console.cloud.google.com/cloud-build/builds;region=us-central1/81ce8deb-67fd-402b-8d9f-a19a1f6c61de?project=1074200345019"},{"name":"SERVICE","message":"Creating Cloud Run service","state":"IN_PROGRESS","resource":"projects/fcp-digital/locations/us-central1/services/processimagewithai","resourceUri":"https://console.cloud.google.com/run/detail/us-central1/processimagewithai?project=fcp-digital"}],"sourceToken":"Clhwcm9qZWN0cy8xMDc0MjAwMzQ1MDE5L2xvY2F0aW9ucy91cy1jZW50cmFsMS9idWlsZHMvODFjZThkZWItNjdmZC00MDJiLThkOWYtYTE5YTFmNmM2MWRlEnF1cy1jZW50cmFsMS1kb2NrZXIucGtnLmRldi9mY3AtZGlnaXRhbC9nY2YtYXJ0aWZhY3RzL2ZjcC0tZGlnaXRhbF9fdXMtLWNlbnRyYWwxX19wcm9jZXNzX2ltYWdlX3dpdGhfYV9pOnZlcnNpb25fMRi789HaoR8iR3Byb2plY3RzL2ZjcC1kaWdpdGFsL2xvY2F0aW9ucy91cy1jZW50cmFsMS9mdW5jdGlvbnMvcHJvY2Vzc0ltYWdlV2l0aEFJKgwImJSBzQYQiP7P1gEyCG5vZGVqczIyOnYKI2djci5pby9nYWUtcnVudGltZXMvbm9kZWpzMjI6c3RhYmxlEk91cy1jZW50cmFsMS1kb2NrZXIucGtnLmRldi9zZXJ2ZXJsZXNzLXJ1bnRpbWVzL2dvb2dsZS0yMi1mdWxsL3J1bnRpbWVzL25vZGVqczIyQAE=","operationType":"CREATE_FUNCTION","buildName":"projects/1074200345019/locations/us-central1/builds/81ce8deb-67fd-402b-8d9f-a19a1f6c61de"},"done":false}
[debug] [2026-02-26T13:26:53.731Z] Got source token Clhwcm9qZWN0cy8xMDc0MjAwMzQ1MDE5L2xvY2F0aW9ucy91cy1jZW50cmFsMS9idWlsZHMvODFjZThkZWItNjdmZC00MDJiLThkOWYtYTE5YTFmNmM2MWRlEnF1cy1jZW50cmFsMS1kb2NrZXIucGtnLmRldi9mY3AtZGlnaXRhbC9nY2YtYXJ0aWZhY3RzL2ZjcC0tZGlnaXRhbF9fdXMtLWNlbnRyYWwxX19wcm9jZXNzX2ltYWdlX3dpdGhfYV9pOnZlcnNpb25fMRi789HaoR8iR3Byb2plY3RzL2ZjcC1kaWdpdGFsL2xvY2F0aW9ucy91cy1jZW50cmFsMS9mdW5jdGlvbnMvcHJvY2Vzc0ltYWdlV2l0aEFJKgwImJSBzQYQiP7P1gEyCG5vZGVqczIyOnYKI2djci5pby9nYWUtcnVudGltZXMvbm9kZWpzMjI6c3RhYmxlEk91cy1jZW50cmFsMS1kb2NrZXIucGtnLmRldi9zZXJ2ZXJsZXNzLXJ1bnRpbWVzL2dvb2dsZS0yMi1mdWxsL3J1bnRpbWVzL25vZGVqczIyQAE= for region us-central1
[debug] [2026-02-26T13:27:03.745Z] [create-default-us-central1-processImageWithAI] Retrying task index 0
[debug] [2026-02-26T13:27:03.746Z] Checked if tokens are valid: true, expires at: 1772115498504
[debug] [2026-02-26T13:27:03.746Z] Checked if tokens are valid: true, expires at: 1772115498504
[debug] [2026-02-26T13:27:03.746Z] >>> [apiv2][query] GET https://cloudfunctions.googleapis.com/v2/projects/fcp-digital/locations/us-central1/operations/operation-1772112354586-64bba0f65adb4-aac8d62f-64f500b2 [none]
[debug] [2026-02-26T13:27:06.043Z] <<< [apiv2][status] GET https://cloudfunctions.googleapis.com/v2/projects/fcp-digital/locations/us-central1/operations/operation-1772112354586-64bba0f65adb4-aac8d62f-64f500b2 200
[debug] [2026-02-26T13:27:06.044Z] <<< [apiv2][body] GET https://cloudfunctions.googleapis.com/v2/projects/fcp-digital/locations/us-central1/operations/operation-1772112354586-64bba0f65adb4-aac8d62f-64f500b2 {"name":"projects/fcp-digital/locations/us-central1/operations/operation-1772112354586-64bba0f65adb4-aac8d62f-64f500b2","metadata":{"@type":"type.googleapis.com/google.cloud.functions.v2.OperationMetadata","createTime":"2026-02-26T13:25:55.500683161Z","endTime":"2026-02-26T13:26:55.684440136Z","target":"projects/fcp-digital/locations/us-central1/functions/processImageWithAI","verb":"create","cancelRequested":false,"apiVersion":"v2","requestResource":{"@type":"type.googleapis.com/google.cloud.functions.v2.Function","name":"projects/fcp-digital/locations/us-central1/functions/processImageWithAI","buildConfig":{"runtime":"nodejs22","entryPoint":"processImageWithAI","source":{"storageSource":{"bucket":"gcf-v2-sources-1074200345019-us-central1","object":"processImageWithAI/function-source.zip","generation":"1772112355202577"}},"environmentVariables":{"GOOGLE_NODE_RUN_SCRIPTS":""},"serviceAccount":"projects/fcp-digital/serviceAccounts/1074200345019-compute@developer.gserviceaccount.com","automaticUpdatePolicy":{}},"serviceConfig":{"service":"projects/fcp-digital/locations/us-central1/services/processimagewithai","timeoutSeconds":120,"environmentVariables":{"FIREBASE_CONFIG":"{\"projectId\":\"fcp-digital\",\"storageBucket\":\"fcp-digital.firebasestorage.app\"}","GCLOUD_PROJECT":"fcp-digital","EVENTARC_CLOUD_EVENT_SOURCE":"projects/fcp-digital/locations/us-central1/services/processImageWithAI","FUNCTION_TARGET":"processImageWithAI","LOG_EXECUTION_ID":"true"},"ingressSettings":"ALLOW_ALL","serviceAccountEmail":"1074200345019-compute@developer.gserviceaccount.com","availableMemory":"512Mi","maxInstanceRequestConcurrency":80,"availableCpu":"1"},"labels":{"deployment-tool":"cli-firebase","firebase-functions-hash":"36c968356bdf4c425b8d1f4f5664ee777fe83baf"},"environment":"GEN_2"},"stages":[{"name":"BUILD","message":"Build finished","state":"COMPLETE","resource":"projects/1074200345019/locations/us-central1/builds/81ce8deb-67fd-402b-8d9f-a19a1f6c61de","resourceUri":"https://console.cloud.google.com/cloud-build/builds;region=us-central1/81ce8deb-67fd-402b-8d9f-a19a1f6c61de?project=1074200345019"},{"name":"SERVICE","message":"Creating Cloud Run service","state":"COMPLETE","resource":"projects/fcp-digital/locations/us-central1/services/processimagewithai","resourceUri":"https://console.cloud.google.com/run/detail/us-central1/processimagewithai?project=fcp-digital"}],"sourceToken":"Clhwcm9qZWN0cy8xMDc0MjAwMzQ1MDE5L2xvY2F0aW9ucy91cy1jZW50cmFsMS9idWlsZHMvODFjZThkZWItNjdmZC00MDJiLThkOWYtYTE5YTFmNmM2MWRlEnF1cy1jZW50cmFsMS1kb2NrZXIucGtnLmRldi9mY3AtZGlnaXRhbC9nY2YtYXJ0aWZhY3RzL2ZjcC0tZGlnaXRhbF9fdXMtLWNlbnRyYWwxX19wcm9jZXNzX2ltYWdlX3dpdGhfYV9pOnZlcnNpb25fMRi789HaoR8iR3Byb2plY3RzL2ZjcC1kaWdpdGFsL2xvY2F0aW9ucy91cy1jZW50cmFsMS9mdW5jdGlvbnMvcHJvY2Vzc0ltYWdlV2l0aEFJKgwImJSBzQYQiP7P1gEyCG5vZGVqczIyOnYKI2djci5pby9nYWUtcnVudGltZXMvbm9kZWpzMjI6c3RhYmxlEk91cy1jZW50cmFsMS1kb2NrZXIucGtnLmRldi9zZXJ2ZXJsZXNzLXJ1bnRpbWVzL2dvb2dsZS0yMi1mdWxsL3J1bnRpbWVzL25vZGVqczIyQAE=","operationType":"CREATE_FUNCTION","buildName":"projects/1074200345019/locations/us-central1/builds/81ce8deb-67fd-402b-8d9f-a19a1f6c61de"},"done":true,"response":{"@type":"type.googleapis.com/google.cloud.functions.v2.Function","name":"projects/fcp-digital/locations/us-central1/functions/processImageWithAI","buildConfig":{"build":"projects/1074200345019/locations/us-central1/builds/81ce8deb-67fd-402b-8d9f-a19a1f6c61de","runtime":"nodejs22","entryPoint":"processImageWithAI","source":{"storageSource":{"bucket":"gcf-v2-sources-1074200345019-us-central1","object":"processImageWithAI/function-source.zip","generation":"1772112355202577"}},"environmentVariables":{"GOOGLE_NODE_RUN_SCRIPTS":""},"dockerRepository":"projects/fcp-digital/locations/us-central1/repositories/gcf-artifacts","sourceProvenance":{"resolvedStorageSource":{"bucket":"gcf-v2-sources-1074200345019-us-central1","object":"processImageWithAI/function-source.zip","generation":"1772112355202577"}},"dockerRegistry":"ARTIFACT_REGISTRY","serviceAccount":"projects/fcp-digital/serviceAccounts/1074200345019-compute@developer.gserviceaccount.com","automaticUpdatePolicy":{}},"serviceConfig":{"service":"projects/fcp-digital/locations/us-central1/services/processimagewithai","timeoutSeconds":120,"environmentVariables":{"FIREBASE_CONFIG":"{\"projectId\":\"fcp-digital\",\"storageBucket\":\"fcp-digital.firebasestorage.app\"}","GCLOUD_PROJECT":"fcp-digital","EVENTARC_CLOUD_EVENT_SOURCE":"projects/fcp-digital/locations/us-central1/services/processImageWithAI","FUNCTION_TARGET":"processImageWithAI","LOG_EXECUTION_ID":"true"},"ingressSettings":"ALLOW_ALL","uri":"https://processimagewithai-jxpttcgwqa-uc.a.run.app","serviceAccountEmail":"1074200345019-compute@developer.gserviceaccount.com","availableMemory":"512Mi","allTrafficOnLatestRevision":true,"revision":"processimagewithai-00001-jax","maxInstanceRequestConcurrency":80,"availableCpu":"1"},"state":"ACTIVE","updateTime":"2026-02-26T13:25:55.495508636Z","labels":{"deployment-tool":"cli-firebase","firebase-functions-hash":"36c968356bdf4c425b8d1f4f5664ee777fe83baf"},"environment":"GEN_2","url":"https://us-central1-fcp-digital.cloudfunctions.net/processImageWithAI","createTime":"2026-02-26T13:25:55.495508636Z","satisfiesPzi":true}}
[debug] [2026-02-26T13:27:06.044Z] Got source token Clhwcm9qZWN0cy8xMDc0MjAwMzQ1MDE5L2xvY2F0aW9ucy91cy1jZW50cmFsMS9idWlsZHMvODFjZThkZWItNjdmZC00MDJiLThkOWYtYTE5YTFmNmM2MWRlEnF1cy1jZW50cmFsMS1kb2NrZXIucGtnLmRldi9mY3AtZGlnaXRhbC9nY2YtYXJ0aWZhY3RzL2ZjcC0tZGlnaXRhbF9fdXMtLWNlbnRyYWwxX19wcm9jZXNzX2ltYWdlX3dpdGhfYV9pOnZlcnNpb25fMRi789HaoR8iR3Byb2plY3RzL2ZjcC1kaWdpdGFsL2xvY2F0aW9ucy91cy1jZW50cmFsMS9mdW5jdGlvbnMvcHJvY2Vzc0ltYWdlV2l0aEFJKgwImJSBzQYQiP7P1gEyCG5vZGVqczIyOnYKI2djci5pby9nYWUtcnVudGltZXMvbm9kZWpzMjI6c3RhYmxlEk91cy1jZW50cmFsMS1kb2NrZXIucGtnLmRldi9zZXJ2ZXJsZXNzLXJ1bnRpbWVzL2dvb2dsZS0yMi1mdWxsL3J1bnRpbWVzL25vZGVqczIyQAE= for region us-central1
[debug] [2026-02-26T13:27:06.045Z] Checked if tokens are valid: true, expires at: 1772115498504
[debug] [2026-02-26T13:27:06.045Z] Checked if tokens are valid: true, expires at: 1772115498504
[debug] [2026-02-26T13:27:06.045Z] >>> [apiv2][query] POST https://run.googleapis.com/v1/projects/fcp-digital/locations/us-central1/services/processimagewithai:setIamPolicy [none]
[debug] [2026-02-26T13:27:06.045Z] >>> [apiv2][body] POST https://run.googleapis.com/v1/projects/fcp-digital/locations/us-central1/services/processimagewithai:setIamPolicy {"policy":{"bindings":[{"role":"roles/run.invoker","members":["allUsers"]}],"etag":"","version":3},"updateMask":"bindings,etag,version"}
[debug] [2026-02-26T13:27:07.679Z] <<< [apiv2][status] POST https://run.googleapis.com/v1/projects/fcp-digital/locations/us-central1/services/processimagewithai:setIamPolicy 200
[debug] [2026-02-26T13:27:07.679Z] <<< [apiv2][body] POST https://run.googleapis.com/v1/projects/fcp-digital/locations/us-central1/services/processimagewithai:setIamPolicy {"version":1,"etag":"BwZLuhPG7QI=","bindings":[{"role":"roles/run.invoker","members":["allUsers"]}]}
[info] +  functions[processImageWithAI(us-central1)] Successful create operation. 
[debug] [2026-02-26T13:27:07.681Z] Total Function Deployment time: 74817
[debug] [2026-02-26T13:27:07.681Z] 1 Functions Deployed
[debug] [2026-02-26T13:27:07.682Z] 0 Functions Errored
[debug] [2026-02-26T13:27:07.682Z] 0 Function Deployments Aborted
[debug] [2026-02-26T13:27:07.682Z] Average Function Deployment time: 74816
[info] Function URL (processImageWithAI(us-central1)): https://us-central1-fcp-digital.cloudfunctions.net/processImageWithAI
[debug] [2026-02-26T13:27:07.683Z] Checked if tokens are valid: true, expires at: 1772115498504
[debug] [2026-02-26T13:27:07.683Z] Checked if tokens are valid: true, expires at: 1772115498504
[debug] [2026-02-26T13:27:07.683Z] >>> [apiv2][query] GET https://artifactregistry.googleapis.com/v1/projects/fcp-digital/locations/us-central1/repositories/gcf-artifacts [none]
[debug] [2026-02-26T13:27:09.245Z] <<< [apiv2][status] GET https://artifactregistry.googleapis.com/v1/projects/fcp-digital/locations/us-central1/repositories/gcf-artifacts 200
[debug] [2026-02-26T13:27:09.245Z] <<< [apiv2][body] GET https://artifactregistry.googleapis.com/v1/projects/fcp-digital/locations/us-central1/repositories/gcf-artifacts {"name":"projects/fcp-digital/locations/us-central1/repositories/gcf-artifacts","format":"DOCKER","description":"This repository is created and used by Cloud Functions for storing function docker images.","labels":{"goog-managed-by":"cloudfunctions"},"createTime":"2026-02-26T13:26:03.820229Z","updateTime":"2026-02-26T13:26:45.105082Z","mode":"STANDARD_REPOSITORY","sizeBytes":"99123069","vulnerabilityScanningConfig":{"lastEnableTime":"2026-02-26T13:25:55.684933100Z","enablementState":"SCANNING_DISABLED","enablementStateReason":"API containerscanning.googleapis.com is not enabled."},"satisfiesPzi":true,"registryUri":"us-central1-docker.pkg.dev/fcp-digital/gcf-artifacts"}
[warn] !  functions: No cleanup policy detected for repositories in us-central1. This may result in a small monthly bill as container images accumulate over time. 
